<?xml version="1.0" encoding="UTF-8"?>
<!-- Generated by org.testng.reporters.JUnitXMLReporter -->
<testsuite ignored="0" hostname="LTIN673896" failures="0" tests="3" name="Default test" time="34.923" errors="0" timestamp="2026-02-10T11:56:55 IST">
  <testcase classname="com.project.testcases.TestPage" name="searchApplyFiltersAndPrint" time="10.167"/>
  <testcase classname="com.project.testcases.TestPage" name="clearFilters" time="0.546"/>
  <testcase classname="com.project.testcases.TestPage" name="openEnterpriseAndSubmitForm" time="10.711"/>
</testsuite> <!-- Default test -->
