<?xml version="1.0" encoding="UTF-8"?>
<!-- Generated by org.testng.reporters.JUnitReportReporter -->
<testsuite hostname="LTIN673981" failures="0" tests="3" name="com.project.testcases.TestPage" time="23.167" errors="0" timestamp="2026-02-10T11:00:35 IST" skipped="0">
  <testcase classname="com.project.testcases.TestPage" name="searchApplyFiltersAndPrint" time="6.547"/>
  <system-out/>
  <testcase classname="com.project.testcases.TestPage" name="clearFilters" time="0.868"/>
  <system-out/>
  <testcase classname="com.project.testcases.TestPage" name="openEnterpriseAndSubmitForm" time="15.752"/>
  <system-out/>
</testsuite> <!-- com.project.testcases.TestPage -->
