<?xml version="1.0" encoding="UTF-8"?>
<!-- Generated by org.testng.reporters.JUnitReportReporter -->
<testsuite hostname="LTIN673981" failures="0" tests="3" name="testcases.TestPage" time="24.084" errors="0" timestamp="2026-02-10T09:20:33 IST" skipped="0">
  <testcase classname="testcases.TestPage" name="searchApplyFiltersAndPrint" time="8.517"/>
  <system-out/>
  <testcase classname="testcases.TestPage" name="clearFilters" time="2.124"/>
  <system-out/>
  <testcase classname="testcases.TestPage" name="openEnterpriseAndSubmitForm" time="13.443"/>
  <system-out/>
</testsuite> <!-- testcases.TestPage -->
